<?xml version="1.0" encoding="utf-8"?>
<test-run id="2" testcasecount="84" result="Passed" total="84" passed="84" failed="0" inconclusive="0" skipped="0" asserts="0" engine-version="3.5.0.0" clr-version="4.0.30319.42000" start-time="2026-09-19 09:05:26Z" end-time="2026-09-19 09:05:26Z" duration="0.8068656">
  <test-suite type="TestSuite" id="1000" name="Escape the Elites" fullname="Escape the Elites" runstate="Runnable" testcasecount="84" result="Passed" start-time="2026-09-19 09:05:26Z" end-time="2026-09-19 09:05:26Z" duration="0.806866" total="84" passed="84" failed="0" inconclusive="0" skipped="0" asserts="0">
    <properties>
      <property name="platform" value="EditMode" />
    </properties>
    <test-suite type="Assembly" id="1091" name="Escape.Tests.EditMode.dll" fullname="/Users/dawsonblock/unity/My project (7)/Library/ScriptAssemblies/Escape.Tests.EditMode.dll" runstate="Runnable" testcasecount="84" result="Passed" start-time="2026-09-19 09:05:26Z" end-time="2026-09-19 09:05:26Z" duration="0.798373" total="84" passed="84" failed="0" inconclusive="0" skipped="0" asserts="0">
      <properties>
        <property name="_PID" value="47764" />
        <property name="_APPDOMAIN" value="Unity Child Domain" />
        <property name="platform" value="EditMode" />
        <property name="EditorOnly" value="True" />
      </properties>
      <test-suite type="TestSuite" id="1092" name="Escape" fullname="Escape" runstate="Runnable" testcasecount="84" result="Passed" start-time="2026-09-19 09:05:26Z" end-time="2026-09-19 09:05:26Z" duration="0.795935" total="84" passed="84" failed="0" inconclusive="0" skipped="0" asserts="0">
        <properties />
        <test-suite type="TestSuite" id="1093" name="Tests" fullname="Escape.Tests" runstate="Runnable" testcasecount="84" result="Passed" start-time="2026-09-19 09:05:26Z" end-time="2026-09-19 09:05:26Z" duration="0.795146" total="84" passed="84" failed="0" inconclusive="0" skipped="0" asserts="0">
          <properties />
          <test-suite type="TestSuite" id="1094" name="EditMode" fullname="Escape.Tests.EditMode" runstate="Runnable" testcasecount="84" result="Passed" start-time="2026-09-19 09:05:26Z" end-time="2026-09-19 09:05:26Z" duration="0.793730" total="84" passed="84" failed="0" inconclusive="0" skipped="0" asserts="0">
            <properties />
            <test-suite type="TestFixture" id="1001" name="CommandAndStateTests" fullname="Escape.Tests.EditMode.CommandAndStateTests" classname="Escape.Tests.EditMode.CommandAndStateTests" runstate="Runnable" testcasecount="10" result="Passed" start-time="2026-09-19 09:05:26Z" end-time="2026-09-19 09:05:26Z" duration="0.039850" total="10" passed="10" failed="0" inconclusive="0" skipped="0" asserts="0">
              <properties />
              <test-case id="1004" name="CollectEvidence_IsIdempotent" fullname="Escape.Tests.EditMode.CommandAndStateTests.CollectEvidence_IsIdempotent" methodname="CollectEvidence_IsIdempotent" classname="Escape.Tests.EditMode.CommandAndStateTests" runstate="Runnable" seed="265402486" result="Passed" start-time="2026-09-19 09:05:26Z" end-time="2026-09-19 09:05:26Z" duration="0.017611" asserts="0">
                <properties>
                  <property name="retryIteration" value="0" />
                  <property name="repeatIteration" value="0" />
                </properties>
              </test-case>
              <test-case id="1003" name="CollectEvidence_UnknownId_FailsSafely" fullname="Escape.Tests.EditMode.CommandAndStateTests.CollectEvidence_UnknownId_FailsSafely" methodname="CollectEvidence_UnknownId_FailsSafely" classname="Escape.Tests.EditMode.CommandAndStateTests" runstate="Runnable" seed="659768024" result="Passed" start-time="2026-09-19 09:05:26Z" end-time="2026-09-19 09:05:26Z" duration="0.002193" asserts="0">
                <properties>
                  <property name="retryIteration" value="0" />
                  <property name="repeatIteration" value="0" />
                </properties>
                <output><![CDATA[[EvidenceService] Unknown evidence id 'does_not_exist' from 'test'. Ignored.
]]></output>
              </test-case>
              <test-case id="1002" name="CollectEvidence_UpdatesState_AndPublishesEvent" fullname="Escape.Tests.EditMode.CommandAndStateTests.CollectEvidence_UpdatesState_AndPublishesEvent" methodname="CollectEvidence_UpdatesState_AndPublishesEvent" classname="Escape.Tests.EditMode.CommandAndStateTests" runstate="Runnable" seed="1229745291" result="Passed" start-time="2026-09-19 09:05:26Z" end-time="2026-09-19 09:05:26Z" duration="0.000868" asserts="0">
                <properties>
                  <property name="retryIteration" value="0" />
                  <property name="repeatIteration" value="0" />
                </properties>
              </test-case>
              <test-case id="1009" name="Commands_AreJournaled" fullname="Escape.Tests.EditMode.CommandAndStateTests.Commands_AreJournaled" methodname="Commands_AreJournaled" classname="Escape.Tests.EditMode.CommandAndStateTests" runstate="Runnable" seed="1764679177" result="Passed" start-time="2026-09-19 09:05:26Z" end-time="2026-09-19 09:05:26Z" duration="0.001122" asserts="0">
                <properties>
                  <property name="retryIteration" value="0" />
                  <property name="repeatIteration" value="0" />
                </properties>
              </test-case>
              <test-case id="1010" name="Ending_Evaluation_IsDeterministic" fullname="Escape.Tests.EditMode.CommandAndStateTests.Ending_Evaluation_IsDeterministic" methodname="Ending_Evaluation_IsDeterministic" classname="Escape.Tests.EditMode.CommandAndStateTests" runstate="Runnable" seed="1176550610" result="Passed" start-time="2026-09-19 09:05:26Z" end-time="2026-09-19 09:05:26Z" duration="0.001107" asserts="0">
                <properties>
                  <property name="retryIteration" value="0" />
                  <property name="repeatIteration" value="0" />
                </properties>
              </test-case>
              <test-case id="1011" name="Ending_Fallback_WhenNothingCollected" fullname="Escape.Tests.EditMode.CommandAndStateTests.Ending_Fallback_WhenNothingCollected" methodname="Ending_Fallback_WhenNothingCollected" classname="Escape.Tests.EditMode.CommandAndStateTests" runstate="Runnable" seed="1983508423" result="Passed" start-time="2026-09-19 09:05:26Z" end-time="2026-09-19 09:05:26Z" duration="0.000163" asserts="0">
                <properties>
                  <property name="retryIteration" value="0" />
                  <property name="repeatIteration" value="0" />
                </properties>
              </test-case>
              <test-case id="1005" name="Evidence_CompletesEvidenceDrivenObjective" fullname="Escape.Tests.EditMode.CommandAndStateTests.Evidence_CompletesEvidenceDrivenObjective" methodname="Evidence_CompletesEvidenceDrivenObjective" classname="Escape.Tests.EditMode.CommandAndStateTests" runstate="Runnable" seed="1336012605" result="Passed" start-time="2026-09-19 09:05:26Z" end-time="2026-09-19 09:05:26Z" duration="0.000161" asserts="0">
                <properties>
                  <property name="retryIteration" value="0" />
                  <property name="repeatIteration" value="0" />
                </properties>
              </test-case>
              <test-case id="1006" name="Insight_GrantedWhenPairCollected" fullname="Escape.Tests.EditMode.CommandAndStateTests.Insight_GrantedWhenPairCollected" methodname="Insight_GrantedWhenPairCollected" classname="Escape.Tests.EditMode.CommandAndStateTests" runstate="Runnable" seed="215171797" result="Passed" start-time="2026-09-19 09:05:26Z" end-time="2026-09-19 09:05:26Z" duration="0.000255" asserts="0">
                <properties>
                  <property name="retryIteration" value="0" />
                  <property name="repeatIteration" value="0" />
                </properties>
              </test-case>
              <test-case id="1007" name="Objective_RequiresPrerequisiteObjective" fullname="Escape.Tests.EditMode.CommandAndStateTests.Objective_RequiresPrerequisiteObjective" methodname="Objective_RequiresPrerequisiteObjective" classname="Escape.Tests.EditMode.CommandAndStateTests" runstate="Runnable" seed="295930895" result="Passed" start-time="2026-09-19 09:05:26Z" end-time="2026-09-19 09:05:26Z" duration="0.000264" asserts="0">
                <properties>
                  <property name="retryIteration" value="0" />
                  <property name="repeatIteration" value="0" />
                </properties>
              </test-case>
              <test-case id="1008" name="UnlockDoor_PersistsInState" fullname="Escape.Tests.EditMode.CommandAndStateTests.UnlockDoor_PersistsInState" methodname="UnlockDoor_PersistsInState" classname="Escape.Tests.EditMode.CommandAndStateTests" runstate="Runnable" seed="980405879" result="Passed" start-time="2026-09-19 09:05:26Z" end-time="2026-09-19 09:05:26Z" duration="0.000142" asserts="0">
                <properties>
                  <property name="retryIteration" value="0" />
                  <property name="repeatIteration" value="0" />
                </properties>
              </test-case>
            </test-suite>
            <test-suite type="TestFixture" id="1012" name="ContentValidationTests" fullname="Escape.Tests.EditMode.ContentValidationTests" classname="Escape.Tests.EditMode.ContentValidationTests" runstate="Runnable" testcasecount="11" result="Passed" start-time="2026-09-19 09:05:26Z" end-time="2026-09-19 09:05:26Z" duration="0.147520" total="11" passed="11" failed="0" inconclusive="0" skipped="0" asserts="0">
              <properties />
              <test-case id="1022" name="AtLeastOneEnding_AlwaysQualifies" fullname="Escape.Tests.EditMode.ContentValidationTests.AtLeastOneEnding_AlwaysQualifies" methodname="AtLeastOneEnding_AlwaysQualifies" classname="Escape.Tests.EditMode.ContentValidationTests" runstate="Runnable" seed="184696396" result="Passed" start-time="2026-09-19 09:05:26Z" end-time="2026-09-19 09:05:26Z" duration="0.023798" asserts="0">
                <properties>
                  <property name="retryIteration" value="0" />
                  <property name="repeatIteration" value="0" />
                </properties>
              </test-case>
              <test-case id="1018" name="DependencyGraph_Diamond_IsNotCycle" fullname="Escape.Tests.EditMode.ContentValidationTests.DependencyGraph_Diamond_IsNotCycle" methodname="DependencyGraph_Diamond_IsNotCycle" classname="Escape.Tests.EditMode.ContentValidationTests" runstate="Runnable" seed="1886883190" result="Passed" start-time="2026-09-19 09:05:26Z" end-time="2026-09-19 09:05:26Z" duration="0.001596" asserts="0">
                <properties>
                  <property name="retryIteration" value="0" />
                  <property name="repeatIteration" value="0" />
                </properties>
              </test-case>
              <test-case id="1020" name="DependencyGraph_SelfLoop_Fails" fullname="Escape.Tests.EditMode.ContentValidationTests.DependencyGraph_SelfLoop_Fails" methodname="DependencyGraph_SelfLoop_Fails" classname="Escape.Tests.EditMode.ContentValidationTests" runstate="Runnable" seed="1269010049" result="Passed" start-time="2026-09-19 09:05:26Z" end-time="2026-09-19 09:05:26Z" duration="0.000260" asserts="0">
                <properties>
                  <property name="retryIteration" value="0" />
                  <property name="repeatIteration" value="0" />
                </properties>
              </test-case>
              <test-case id="1019" name="DependencyGraph_SimpleCycle_Fails" fullname="Escape.Tests.EditMode.ContentValidationTests.DependencyGraph_SimpleCycle_Fails" methodname="DependencyGraph_SimpleCycle_Fails" classname="Escape.Tests.EditMode.ContentValidationTests" runstate="Runnable" seed="1182137870" result="Passed" start-time="2026-09-19 09:05:26Z" end-time="2026-09-19 09:05:26Z" duration="0.000237" asserts="0">
                <properties>
                  <property name="retryIteration" value="0" />
                  <property name="repeatIteration" value="0" />
                </properties>
              </test-case>
              <test-case id="1013" name="EvidenceIds_AreUnique_AndNonEmpty" fullname="Escape.Tests.EditMode.ContentValidationTests.EvidenceIds_AreUnique_AndNonEmpty" methodname="EvidenceIds_AreUnique_AndNonEmpty" classname="Escape.Tests.EditMode.ContentValidationTests" runstate="Runnable" seed="471428623" result="Passed" start-time="2026-09-19 09:05:26Z" end-time="2026-09-19 09:05:26Z" duration="0.023380" asserts="0">
                <properties>
                  <property name="retryIteration" value="0" />
                  <property name="repeatIteration" value="0" />
                </properties>
              </test-case>
              <test-case id="1016" name="EvidenceRelationships_ReferenceValidAssets" fullname="Escape.Tests.EditMode.ContentValidationTests.EvidenceRelationships_ReferenceValidAssets" methodname="EvidenceRelationships_ReferenceValidAssets" classname="Escape.Tests.EditMode.ContentValidationTests" runstate="Runnable" seed="694197851" result="Passed" start-time="2026-09-19 09:05:26Z" end-time="2026-09-19 09:05:26Z" duration="0.004261" asserts="0">
                <properties>
                  <property name="retryIteration" value="0" />
                  <property name="repeatIteration" value="0" />
                </properties>
              </test-case>
              <test-case id="1014" name="ObjectiveIds_AreUnique_AndNonEmpty" fullname="Escape.Tests.EditMode.ContentValidationTests.ObjectiveIds_AreUnique_AndNonEmpty" methodname="ObjectiveIds_AreUnique_AndNonEmpty" classname="Escape.Tests.EditMode.ContentValidationTests" runstate="Runnable" seed="1632745906" result="Passed" start-time="2026-09-19 09:05:26Z" end-time="2026-09-19 09:05:26Z" duration="0.007634" asserts="0">
                <properties>
                  <property name="retryIteration" value="0" />
                  <property name="repeatIteration" value="0" />
                </properties>
              </test-case>
              <test-case id="1017" name="Objectives_HaveNoImpossibleCycles" fullname="Escape.Tests.EditMode.ContentValidationTests.Objectives_HaveNoImpossibleCycles" methodname="Objectives_HaveNoImpossibleCycles" classname="Escape.Tests.EditMode.ContentValidationTests" runstate="Runnable" seed="1632658202" result="Passed" start-time="2026-09-19 09:05:26Z" end-time="2026-09-19 09:05:26Z" duration="0.003037" asserts="0">
                <properties>
                  <property name="retryIteration" value="0" />
                  <property name="repeatIteration" value="0" />
                </properties>
              </test-case>
              <test-case id="1023" name="RealContent_MainObjectiveChain_IsCompletable" fullname="Escape.Tests.EditMode.ContentValidationTests.RealContent_MainObjectiveChain_IsCompletable" methodname="RealContent_MainObjectiveChain_IsCompletable" classname="Escape.Tests.EditMode.ContentValidationTests" runstate="Runnable" seed="821450461" result="Passed" start-time="2026-09-19 09:05:26Z" end-time="2026-09-19 09:05:26Z" duration="0.070017" asserts="0">
                <properties>
                  <property name="retryIteration" value="0" />
                  <property name="repeatIteration" value="0" />
                </properties>
              </test-case>
              <test-case id="1015" name="TerminalAndEndingIds_AreUnique" fullname="Escape.Tests.EditMode.ContentValidationTests.TerminalAndEndingIds_AreUnique" methodname="TerminalAndEndingIds_AreUnique" classname="Escape.Tests.EditMode.ContentValidationTests" runstate="Runnable" seed="1506381172" result="Passed" start-time="2026-09-19 09:05:26Z" end-time="2026-09-19 09:05:26Z" duration="0.004342" asserts="0">
                <properties>
                  <property name="retryIteration" value="0" />
                  <property name="repeatIteration" value="0" />
                </properties>
              </test-case>
              <test-case id="1021" name="TerminalCommands_ReferenceValidTargets" fullname="Escape.Tests.EditMode.ContentValidationTests.TerminalCommands_ReferenceValidTargets" methodname="TerminalCommands_ReferenceValidTargets" classname="Escape.Tests.EditMode.ContentValidationTests" runstate="Runnable" seed="93371313" result="Passed" start-time="2026-09-19 09:05:26Z" end-time="2026-09-19 09:05:26Z" duration="0.004942" asserts="0">
                <properties>
                  <property name="retryIteration" value="0" />
                  <property name="repeatIteration" value="0" />
                </properties>
              </test-case>
            </test-suite>
            <test-suite type="TestFixture" id="1024" name="InputAndSettingsTests" fullname="Escape.Tests.EditMode.InputAndSettingsTests" classname="Escape.Tests.EditMode.InputAndSettingsTests" runstate="Runnable" testcasecount="5" result="Passed" start-time="2026-09-19 09:05:26Z" end-time="2026-09-19 09:05:26Z" duration="0.008894" total="5" passed="5" failed="0" inconclusive="0" skipped="0" asserts="0">
              <properties />
              <test-case id="1026" name="InputGate_CancelTop_Ignores_NonCancelable" fullname="Escape.Tests.EditMode.InputAndSettingsTests.InputGate_CancelTop_Ignores_NonCancelable" methodname="InputGate_CancelTop_Ignores_NonCancelable" classname="Escape.Tests.EditMode.InputAndSettingsTests" runstate="Runnable" seed="2037313804" result="Passed" start-time="2026-09-19 09:05:26Z" end-time="2026-09-19 09:05:26Z" duration="0.000663" asserts="0">
                <properties>
                  <property name="retryIteration" value="0" />
                  <property name="repeatIteration" value="0" />
                </properties>
              </test-case>
              <test-case id="1025" name="InputGate_CancelTop_Routes_To_Topmost" fullname="Escape.Tests.EditMode.InputAndSettingsTests.InputGate_CancelTop_Routes_To_Topmost" methodname="InputGate_CancelTop_Routes_To_Topmost" classname="Escape.Tests.EditMode.InputAndSettingsTests" runstate="Runnable" seed="2138418577" result="Passed" start-time="2026-09-19 09:05:26Z" end-time="2026-09-19 09:05:26Z" duration="0.000203" asserts="0">
                <properties>
                  <property name="retryIteration" value="0" />
                  <property name="repeatIteration" value="0" />
                </properties>
              </test-case>
              <test-case id="1027" name="InputGate_UiOpen_Follows_Stack" fullname="Escape.Tests.EditMode.InputAndSettingsTests.InputGate_UiOpen_Follows_Stack" methodname="InputGate_UiOpen_Follows_Stack" classname="Escape.Tests.EditMode.InputAndSettingsTests" runstate="Runnable" seed="2127891549" result="Passed" start-time="2026-09-19 09:05:26Z" end-time="2026-09-19 09:05:26Z" duration="0.000323" asserts="0">
                <properties>
                  <property name="retryIteration" value="0" />
                  <property name="repeatIteration" value="0" />
                </properties>
              </test-case>
              <test-case id="1028" name="Settings_Cache_ServesReads_WithoutPlayerPrefs" fullname="Escape.Tests.EditMode.InputAndSettingsTests.Settings_Cache_ServesReads_WithoutPlayerPrefs" methodname="Settings_Cache_ServesReads_WithoutPlayerPrefs" classname="Escape.Tests.EditMode.InputAndSettingsTests" runstate="Runnable" seed="1991310894" result="Passed" start-time="2026-09-19 09:05:26Z" end-time="2026-09-19 09:05:26Z" duration="0.001433" asserts="0">
                <properties>
                  <property name="retryIteration" value="0" />
                  <property name="repeatIteration" value="0" />
                </properties>
              </test-case>
              <test-case id="1029" name="Settings_Persist_Writes_OnlyOnFlush" fullname="Escape.Tests.EditMode.InputAndSettingsTests.Settings_Persist_Writes_OnlyOnFlush" methodname="Settings_Persist_Writes_OnlyOnFlush" classname="Escape.Tests.EditMode.InputAndSettingsTests" runstate="Runnable" seed="1427499168" result="Passed" start-time="2026-09-19 09:05:26Z" end-time="2026-09-19 09:05:26Z" duration="0.002877" asserts="0">
                <properties>
                  <property name="retryIteration" value="0" />
                  <property name="repeatIteration" value="0" />
                </properties>
              </test-case>
            </test-suite>
            <test-suite type="TestFixture" id="1030" name="ProgressionGraphTests" fullname="Escape.Tests.EditMode.ProgressionGraphTests" classname="Escape.Tests.EditMode.ProgressionGraphTests" runstate="Runnable" testcasecount="12" result="Passed" start-time="2026-09-19 09:05:26Z" end-time="2026-09-19 09:05:26Z" duration="0.451135" total="12" passed="12" failed="0" inconclusive="0" skipped="0" asserts="0">
              <properties />
              <test-case id="1038" name="AuthoredWorldObjectIds_AreUniqueAcrossScenes" fullname="Escape.Tests.EditMode.ProgressionGraphTests.AuthoredWorldObjectIds_AreUniqueAcrossScenes" methodname="AuthoredWorldObjectIds_AreUniqueAcrossScenes" classname="Escape.Tests.EditMode.ProgressionGraphTests" runstate="Runnable" seed="1051847741" result="Passed" start-time="2026-09-19 09:05:26Z" end-time="2026-09-19 09:05:26Z" duration="0.100346" asserts="0">
                <properties>
                  <property name="retryIteration" value="0" />
                  <property name="repeatIteration" value="0" />
                </properties>
              </test-case>
              <test-case id="1040" name="CriticalPath_CompletesBroadcastTruth_AndTransmits" fullname="Escape.Tests.EditMode.ProgressionGraphTests.CriticalPath_CompletesBroadcastTruth_AndTransmits" methodname="CriticalPath_CompletesBroadcastTruth_AndTransmits" classname="Escape.Tests.EditMode.ProgressionGraphTests" runstate="Runnable" seed="754592743" result="Passed" start-time="2026-09-19 09:05:26Z" end-time="2026-09-19 09:05:26Z" duration="0.028960" asserts="0">
                <properties>
                  <property name="retryIteration" value="0" />
                  <property name="repeatIteration" value="0" />
                </properties>
              </test-case>
              <test-case id="1041" name="CriticalPath_CompletesEveryRequiredObjective" fullname="Escape.Tests.EditMode.ProgressionGraphTests.CriticalPath_CompletesEveryRequiredObjective" methodname="CriticalPath_CompletesEveryRequiredObjective" classname="Escape.Tests.EditMode.ProgressionGraphTests" runstate="Runnable" seed="812020365" result="Passed" start-time="2026-09-19 09:05:26Z" end-time="2026-09-19 09:05:26Z" duration="0.023161" asserts="0">
                <properties>
                  <property name="retryIteration" value="0" />
                  <property name="repeatIteration" value="0" />
                </properties>
              </test-case>
              <test-case id="1042" name="CriticalPath_EarnsBetterThanTheFallbackEnding" fullname="Escape.Tests.EditMode.ProgressionGraphTests.CriticalPath_EarnsBetterThanTheFallbackEnding" methodname="CriticalPath_EarnsBetterThanTheFallbackEnding" classname="Escape.Tests.EditMode.ProgressionGraphTests" runstate="Runnable" seed="231063398" result="Passed" start-time="2026-09-19 09:05:26Z" end-time="2026-09-19 09:05:26Z" duration="0.035794" asserts="0">
                <properties>
                  <property name="retryIteration" value="0" />
                  <property name="repeatIteration" value="0" />
                </properties>
              </test-case>
              <test-case id="1032" name="CriticalPath_IsConnectedFromDock" fullname="Escape.Tests.EditMode.ProgressionGraphTests.CriticalPath_IsConnectedFromDock" methodname="CriticalPath_IsConnectedFromDock" classname="Escape.Tests.EditMode.ProgressionGraphTests" runstate="Runnable" seed="380420073" result="Passed" start-time="2026-09-19 09:05:26Z" end-time="2026-09-19 09:05:26Z" duration="0.019117" asserts="0">
                <properties>
                  <property name="retryIteration" value="0" />
                  <property name="repeatIteration" value="0" />
                </properties>
              </test-case>
              <test-case id="1033" name="EveryGate_RequirementNamesRealContent" fullname="Escape.Tests.EditMode.ProgressionGraphTests.EveryGate_RequirementNamesRealContent" methodname="EveryGate_RequirementNamesRealContent" classname="Escape.Tests.EditMode.ProgressionGraphTests" runstate="Runnable" seed="575905887" result="Passed" start-time="2026-09-19 09:05:26Z" end-time="2026-09-19 09:05:26Z" duration="0.022213" asserts="0">
                <properties>
                  <property name="retryIteration" value="0" />
                  <property name="repeatIteration" value="0" />
                </properties>
              </test-case>
              <test-case id="1039" name="EverySceneGate_IsSatisfiable_ByTheTimeThePlayerArrives" fullname="Escape.Tests.EditMode.ProgressionGraphTests.EverySceneGate_IsSatisfiable_ByTheTimeThePlayerArrives" methodname="EverySceneGate_IsSatisfiable_ByTheTimeThePlayerArrives" classname="Escape.Tests.EditMode.ProgressionGraphTests" runstate="Runnable" seed="1114822112" result="Passed" start-time="2026-09-19 09:05:26Z" end-time="2026-09-19 09:05:26Z" duration="0.039543" asserts="0">
                <properties>
                  <property name="retryIteration" value="0" />
                  <property name="repeatIteration" value="0" />
                </properties>
              </test-case>
              <test-case id="1031" name="EveryTransition_TargetsKnownScene" fullname="Escape.Tests.EditMode.ProgressionGraphTests.EveryTransition_TargetsKnownScene" methodname="EveryTransition_TargetsKnownScene" classname="Escape.Tests.EditMode.ProgressionGraphTests" runstate="Runnable" seed="1727347185" result="Passed" start-time="2026-09-19 09:05:26Z" end-time="2026-09-19 09:05:26Z" duration="0.024039" asserts="0">
                <properties>
                  <property name="retryIteration" value="0" />
                  <property name="repeatIteration" value="0" />
                </properties>
              </test-case>
              <test-case id="1037" name="NoIrreversibleEdge_StrandsARequirementNeededLater" fullname="Escape.Tests.EditMode.ProgressionGraphTests.NoIrreversibleEdge_StrandsARequirementNeededLater" methodname="NoIrreversibleEdge_StrandsARequirementNeededLater" classname="Escape.Tests.EditMode.ProgressionGraphTests" runstate="Runnable" seed="2142231772" result="Passed" start-time="2026-09-19 09:05:26Z" end-time="2026-09-19 09:05:26Z" duration="0.050133" asserts="0">
                <properties>
                  <property name="retryIteration" value="0" />
                  <property name="repeatIteration" value="0" />
                </properties>
              </test-case>
              <test-case id="1034" name="ObjectiveRequirements_Resolve_And_EvidenceIsGranted" fullname="Escape.Tests.EditMode.ProgressionGraphTests.ObjectiveRequirements_Resolve_And_EvidenceIsGranted" methodname="ObjectiveRequirements_Resolve_And_EvidenceIsGranted" classname="Escape.Tests.EditMode.ProgressionGraphTests" runstate="Runnable" seed="1341578448" result="Passed" start-time="2026-09-19 09:05:26Z" end-time="2026-09-19 09:05:26Z" duration="0.060417" asserts="0">
                <properties>
                  <property name="retryIteration" value="0" />
                  <property name="repeatIteration" value="0" />
                </properties>
              </test-case>
              <test-case id="1035" name="TerminalRequirements_Resolve" fullname="Escape.Tests.EditMode.ProgressionGraphTests.TerminalRequirements_Resolve" methodname="TerminalRequirements_Resolve" classname="Escape.Tests.EditMode.ProgressionGraphTests" runstate="Runnable" seed="719345159" result="Passed" start-time="2026-09-19 09:05:26Z" end-time="2026-09-19 09:05:26Z" duration="0.022466" asserts="0">
                <properties>
                  <property name="retryIteration" value="0" />
                  <property name="repeatIteration" value="0" />
                </properties>
              </test-case>
              <test-case id="1036" name="TerminalUnlockCodes_AreDiscoverableInOrBeforeTheirScene" fullname="Escape.Tests.EditMode.ProgressionGraphTests.TerminalUnlockCodes_AreDiscoverableInOrBeforeTheirScene" methodname="TerminalUnlockCodes_AreDiscoverableInOrBeforeTheirScene" classname="Escape.Tests.EditMode.ProgressionGraphTests" runstate="Runnable" seed="188271465" result="Passed" start-time="2026-09-19 09:05:26Z" end-time="2026-09-19 09:05:26Z" duration="0.019147" asserts="0">
                <properties>
                  <property name="retryIteration" value="0" />
                  <property name="repeatIteration" value="0" />
                </properties>
              </test-case>
            </test-suite>
            <test-suite type="TestFixture" id="1043" name="ProgressionTests" fullname="Escape.Tests.EditMode.ProgressionTests" classname="Escape.Tests.EditMode.ProgressionTests" runstate="Runnable" testcasecount="31" result="Passed" start-time="2026-09-19 09:05:26Z" end-time="2026-09-19 09:05:26Z" duration="0.075661" total="31" passed="31" failed="0" inconclusive="0" skipped="0" asserts="0">
              <properties />
              <test-case id="1048" name="BroadcastObjectives_AreExplicit_AndOrdered" fullname="Escape.Tests.EditMode.ProgressionTests.BroadcastObjectives_AreExplicit_AndOrdered" methodname="BroadcastObjectives_AreExplicit_AndOrdered" classname="Escape.Tests.EditMode.ProgressionTests" runstate="Runnable" seed="45251207" result="Passed" start-time="2026-09-19 09:05:26Z" end-time="2026-09-19 09:05:26Z" duration="0.002096" asserts="0">
                <properties>
                  <property name="retryIteration" value="0" />
                  <property name="repeatIteration" value="0" />
                </properties>
              </test-case>
              <test-case id="1046" name="BroadcastTruth_RequiresTransmission_NotJustKey" fullname="Escape.Tests.EditMode.ProgressionTests.BroadcastTruth_RequiresTransmission_NotJustKey" methodname="BroadcastTruth_RequiresTransmission_NotJustKey" classname="Escape.Tests.EditMode.ProgressionTests" runstate="Runnable" seed="6965953" result="Passed" start-time="2026-09-19 09:05:26Z" end-time="2026-09-19 09:05:26Z" duration="0.000592" asserts="0">
                <properties>
                  <property name="retryIteration" value="0" />
                  <property name="repeatIteration" value="0" />
                </properties>
              </test-case>
              <test-case id="1049" name="DockExit_RequiresBroadcastKey" fullname="Escape.Tests.EditMode.ProgressionTests.DockExit_RequiresBroadcastKey" methodname="DockExit_RequiresBroadcastKey" classname="Escape.Tests.EditMode.ProgressionTests" runstate="Runnable" seed="349782429" result="Passed" start-time="2026-09-19 09:05:26Z" end-time="2026-09-19 09:05:26Z" duration="0.008732" asserts="0">
                <properties>
                  <property name="retryIteration" value="0" />
                  <property name="repeatIteration" value="0" />
                </properties>
              </test-case>
              <test-case id="1063" name="Domain_CompletesTheTransmissionObjective_WithoutOutsideSequencing" fullname="Escape.Tests.EditMode.ProgressionTests.Domain_CompletesTheTransmissionObjective_WithoutOutsideSequencing" methodname="Domain_CompletesTheTransmissionObjective_WithoutOutsideSequencing" classname="Escape.Tests.EditMode.ProgressionTests" runstate="Runnable" seed="719006114" result="Passed" start-time="2026-09-19 09:05:26Z" end-time="2026-09-19 09:05:26Z" duration="0.000709" asserts="0">
                <properties>
                  <property name="retryIteration" value="0" />
                  <property name="repeatIteration" value="0" />
                </properties>
              </test-case>
              <test-case id="1061" name="EvidenceObjective_IsRefused_ByBareCommand_WithoutItsEvidence" fullname="Escape.Tests.EditMode.ProgressionTests.EvidenceObjective_IsRefused_ByBareCommand_WithoutItsEvidence" methodname="EvidenceObjective_IsRefused_ByBareCommand_WithoutItsEvidence" classname="Escape.Tests.EditMode.ProgressionTests" runstate="Runnable" seed="2076430155" result="Passed" start-time="2026-09-19 09:05:26Z" end-time="2026-09-19 09:05:26Z" duration="0.000217" asserts="0">
                <properties>
                  <property name="retryIteration" value="0" />
                  <property name="repeatIteration" value="0" />
                </properties>
              </test-case>
              <test-case id="1045" name="EvidenceObjective_StillCompletes_FromEvidence" fullname="Escape.Tests.EditMode.ProgressionTests.EvidenceObjective_StillCompletes_FromEvidence" methodname="EvidenceObjective_StillCompletes_FromEvidence" classname="Escape.Tests.EditMode.ProgressionTests" runstate="Runnable" seed="332652240" result="Passed" start-time="2026-09-19 09:05:26Z" end-time="2026-09-19 09:05:26Z" duration="0.000628" asserts="0">
                <properties>
                  <property name="retryIteration" value="0" />
                  <property name="repeatIteration" value="0" />
                </properties>
              </test-case>
              <test-case id="1044" name="ExplicitObjective_DoesNotComplete_FromEvidenceAlone" fullname="Escape.Tests.EditMode.ProgressionTests.ExplicitObjective_DoesNotComplete_FromEvidenceAlone" methodname="ExplicitObjective_DoesNotComplete_FromEvidenceAlone" classname="Escape.Tests.EditMode.ProgressionTests" runstate="Runnable" seed="596293017" result="Passed" start-time="2026-09-19 09:05:26Z" end-time="2026-09-19 09:05:26Z" duration="0.000275" asserts="0">
                <properties>
                  <property name="retryIteration" value="0" />
                  <property name="repeatIteration" value="0" />
                </properties>
              </test-case>
              <test-case id="1072" name="Manifest_CoversEveryAuthoredWorldId" fullname="Escape.Tests.EditMode.ProgressionTests.Manifest_CoversEveryAuthoredWorldId" methodname="Manifest_CoversEveryAuthoredWorldId" classname="Escape.Tests.EditMode.ProgressionTests" runstate="Runnable" seed="522130691" result="Passed" start-time="2026-09-19 09:05:26Z" end-time="2026-09-19 09:05:26Z" duration="0.014843" asserts="0">
                <properties>
                  <property name="retryIteration" value="0" />
                  <property name="repeatIteration" value="0" />
                </properties>
              </test-case>
              <test-case id="1065" name="Migration_V2ToV3_RecordsPoseValidity" fullname="Escape.Tests.EditMode.ProgressionTests.Migration_V2ToV3_RecordsPoseValidity" methodname="Migration_V2ToV3_RecordsPoseValidity" classname="Escape.Tests.EditMode.ProgressionTests" runstate="Runnable" seed="1487846426" result="Passed" start-time="2026-09-19 09:05:26Z" end-time="2026-09-19 09:05:26Z" duration="0.001373" asserts="0">
                <properties>
                  <property name="retryIteration" value="0" />
                  <property name="repeatIteration" value="0" />
                </properties>
              </test-case>
              <test-case id="1051" name="MostRecentSlot_Finds_BackupOnly_Save" fullname="Escape.Tests.EditMode.ProgressionTests.MostRecentSlot_Finds_BackupOnly_Save" methodname="MostRecentSlot_Finds_BackupOnly_Save" classname="Escape.Tests.EditMode.ProgressionTests" runstate="Runnable" seed="143732276" result="Passed" start-time="2026-09-19 09:05:26Z" end-time="2026-09-19 09:05:26Z" duration="0.009193" asserts="0">
                <properties>
                  <property name="retryIteration" value="0" />
                  <property name="repeatIteration" value="0" />
                </properties>
              </test-case>
              <test-case id="1062" name="ObjectiveCompletion_IsRefused_BeforeItsPrerequisites" fullname="Escape.Tests.EditMode.ProgressionTests.ObjectiveCompletion_IsRefused_BeforeItsPrerequisites" methodname="ObjectiveCompletion_IsRefused_BeforeItsPrerequisites" classname="Escape.Tests.EditMode.ProgressionTests" runstate="Runnable" seed="680743494" result="Passed" start-time="2026-09-19 09:05:26Z" end-time="2026-09-19 09:05:26Z" duration="0.000451" asserts="0">
                <properties>
                  <property name="retryIteration" value="0" />
                  <property name="repeatIteration" value="0" />
                </properties>
              </test-case>
              <test-case id="1050" name="OfficeExit_RequiresRoutedBroadcast" fullname="Escape.Tests.EditMode.ProgressionTests.OfficeExit_RequiresRoutedBroadcast" methodname="OfficeExit_RequiresRoutedBroadcast" classname="Escape.Tests.EditMode.ProgressionTests" runstate="Runnable" seed="797394370" result="Passed" start-time="2026-09-19 09:05:26Z" end-time="2026-09-19 09:05:26Z" duration="0.001358" asserts="0">
                <properties>
                  <property name="retryIteration" value="0" />
                  <property name="repeatIteration" value="0" />
                </properties>
              </test-case>
              <test-case id="1047" name="OfficeTerminal_Broadcast_IsGated_AndCompletesRouting" fullname="Escape.Tests.EditMode.ProgressionTests.OfficeTerminal_Broadcast_IsGated_AndCompletesRouting" methodname="OfficeTerminal_Broadcast_IsGated_AndCompletesRouting" classname="Escape.Tests.EditMode.ProgressionTests" runstate="Runnable" seed="1806310517" result="Passed" start-time="2026-09-19 09:05:26Z" end-time="2026-09-19 09:05:26Z" duration="0.000423" asserts="0">
                <properties>
                  <property name="retryIteration" value="0" />
                  <property name="repeatIteration" value="0" />
                </properties>
              </test-case>
              <test-case id="1064" name="PoseAtWorldOrigin_IsARecordedPose" fullname="Escape.Tests.EditMode.ProgressionTests.PoseAtWorldOrigin_IsARecordedPose" methodname="PoseAtWorldOrigin_IsARecordedPose" classname="Escape.Tests.EditMode.ProgressionTests" runstate="Runnable" seed="1634337814" result="Passed" start-time="2026-09-19 09:05:26Z" end-time="2026-09-19 09:05:26Z" duration="0.000426" asserts="0">
                <properties>
                  <property name="retryIteration" value="0" />
                  <property name="repeatIteration" value="0" />
                </properties>
              </test-case>
              <test-case id="1058" name="Routing_IsRefused_UntilItsPrerequisitesAreMet" fullname="Escape.Tests.EditMode.ProgressionTests.Routing_IsRefused_UntilItsPrerequisitesAreMet" methodname="Routing_IsRefused_UntilItsPrerequisitesAreMet" classname="Escape.Tests.EditMode.ProgressionTests" runstate="Runnable" seed="69423655" result="Passed" start-time="2026-09-19 09:05:26Z" end-time="2026-09-19 09:05:26Z" duration="0.000281" asserts="0">
                <properties>
                  <property name="retryIteration" value="0" />
                  <property name="repeatIteration" value="0" />
                </properties>
              </test-case>
              <test-case id="1059" name="Routing_IsRefused_WithoutTheKey_EvenWithTheArchiveInHand" fullname="Escape.Tests.EditMode.ProgressionTests.Routing_IsRefused_WithoutTheKey_EvenWithTheArchiveInHand" methodname="Routing_IsRefused_WithoutTheKey_EvenWithTheArchiveInHand" classname="Escape.Tests.EditMode.ProgressionTests" runstate="Runnable" seed="1942528565" result="Passed" start-time="2026-09-19 09:05:26Z" end-time="2026-09-19 09:05:26Z" duration="0.000319" asserts="0">
                <properties>
                  <property name="retryIteration" value="0" />
                  <property name="repeatIteration" value="0" />
                </properties>
              </test-case>
              <test-case id="1060" name="RoutingObjective_DeclaresTheBroadcastKey" fullname="Escape.Tests.EditMode.ProgressionTests.RoutingObjective_DeclaresTheBroadcastKey" methodname="RoutingObjective_DeclaresTheBroadcastKey" classname="Escape.Tests.EditMode.ProgressionTests" runstate="Runnable" seed="783649361" result="Passed" start-time="2026-09-19 09:05:26Z" end-time="2026-09-19 09:05:26Z" duration="0.000181" asserts="0">
                <properties>
                  <property name="retryIteration" value="0" />
                  <property name="repeatIteration" value="0" />
                </properties>
              </test-case>
              <test-case id="1052" name="SlotInfo_Marks_MissingPrimary_AsRecoverable" fullname="Escape.Tests.EditMode.ProgressionTests.SlotInfo_Marks_MissingPrimary_AsRecoverable" methodname="SlotInfo_Marks_MissingPrimary_AsRecoverable" classname="Escape.Tests.EditMode.ProgressionTests" runstate="Runnable" seed="1813785092" result="Passed" start-time="2026-09-19 09:05:26Z" end-time="2026-09-19 09:05:26Z" duration="0.012334" asserts="0">
                <properties>
                  <property name="retryIteration" value="0" />
                  <property name="repeatIteration" value="0" />
                </properties>
              </test-case>
              <test-case id="1057" name="Transmission_IsRefused_UntilTheRelayIsRouted" fullname="Escape.Tests.EditMode.ProgressionTests.Transmission_IsRefused_UntilTheRelayIsRouted" methodname="Transmission_IsRefused_UntilTheRelayIsRouted" classname="Escape.Tests.EditMode.ProgressionTests" runstate="Runnable" seed="1648235874" result="Passed" start-time="2026-09-19 09:05:26Z" end-time="2026-09-19 09:05:26Z" duration="0.001051" asserts="0">
                <properties>
                  <property name="retryIteration" value="0" />
                  <property name="repeatIteration" value="0" />
                </properties>
              </test-case>
              <test-case id="1055" name="Validator_Clamps_NegativeLures" fullname="Escape.Tests.EditMode.ProgressionTests.Validator_Clamps_NegativeLures" methodname="Validator_Clamps_NegativeLures" classname="Escape.Tests.EditMode.ProgressionTests" runstate="Runnable" seed="688847101" result="Passed" start-time="2026-09-19 09:05:26Z" end-time="2026-09-19 09:05:26Z" duration="0.000493" asserts="0">
                <properties>
                  <property name="retryIteration" value="0" />
                  <property name="repeatIteration" value="0" />
                </properties>
              </test-case>
              <test-case id="1056" name="Validator_Drops_UnknownEnding" fullname="Escape.Tests.EditMode.ProgressionTests.Validator_Drops_UnknownEnding" methodname="Validator_Drops_UnknownEnding" classname="Escape.Tests.EditMode.ProgressionTests" runstate="Runnable" seed="546430422" result="Passed" start-time="2026-09-19 09:05:26Z" end-time="2026-09-19 09:05:26Z" duration="0.001160" asserts="0">
                <properties>
                  <property name="retryIteration" value="0" />
                  <property name="repeatIteration" value="0" />
                </properties>
              </test-case>
              <test-case id="1070" name="Validator_DropsEnding_WithoutACompletedBroadcast" fullname="Escape.Tests.EditMode.ProgressionTests.Validator_DropsEnding_WithoutACompletedBroadcast" methodname="Validator_DropsEnding_WithoutACompletedBroadcast" classname="Escape.Tests.EditMode.ProgressionTests" runstate="Runnable" seed="1382591854" result="Passed" start-time="2026-09-19 09:05:26Z" end-time="2026-09-19 09:05:26Z" duration="0.000358" asserts="0">
                <properties>
                  <property name="retryIteration" value="0" />
                  <property name="repeatIteration" value="0" />
                </properties>
              </test-case>
              <test-case id="1073" name="Validator_DropsUnknownDoorId_WhenManifestIsPresent" fullname="Escape.Tests.EditMode.ProgressionTests.Validator_DropsUnknownDoorId_WhenManifestIsPresent" methodname="Validator_DropsUnknownDoorId_WhenManifestIsPresent" classname="Escape.Tests.EditMode.ProgressionTests" runstate="Runnable" seed="1178127759" result="Passed" start-time="2026-09-19 09:05:26Z" end-time="2026-09-19 09:05:26Z" duration="0.000333" asserts="0">
                <properties>
                  <property name="retryIteration" value="0" />
                  <property name="repeatIteration" value="0" />
                </properties>
              </test-case>
              <test-case id="1071" name="Validator_KeepsEnding_WhenTheBroadcastCompleted" fullname="Escape.Tests.EditMode.ProgressionTests.Validator_KeepsEnding_WhenTheBroadcastCompleted" methodname="Validator_KeepsEnding_WhenTheBroadcastCompleted" classname="Escape.Tests.EditMode.ProgressionTests" runstate="Runnable" seed="876322213" result="Passed" start-time="2026-09-19 09:05:26Z" end-time="2026-09-19 09:05:26Z" duration="0.000667" asserts="0">
                <properties>
                  <property name="retryIteration" value="0" />
                  <property name="repeatIteration" value="0" />
                </properties>
              </test-case>
              <test-case id="1074" name="Validator_KeepsSceneIds_WhenNoManifestIsAvailable" fullname="Escape.Tests.EditMode.ProgressionTests.Validator_KeepsSceneIds_WhenNoManifestIsAvailable" methodname="Validator_KeepsSceneIds_WhenNoManifestIsAvailable" classname="Escape.Tests.EditMode.ProgressionTests" runstate="Runnable" seed="1133190684" result="Passed" start-time="2026-09-19 09:05:26Z" end-time="2026-09-19 09:05:26Z" duration="0.000193" asserts="0">
                <properties>
                  <property name="retryIteration" value="0" />
                  <property name="repeatIteration" value="0" />
                </properties>
              </test-case>
              <test-case id="1069" name="Validator_ReachesAFixpoint_OnTheTransmissionObjectiveImplication" fullname="Escape.Tests.EditMode.ProgressionTests.Validator_ReachesAFixpoint_OnTheTransmissionObjectiveImplication" methodname="Validator_ReachesAFixpoint_OnTheTransmissionObjectiveImplication" classname="Escape.Tests.EditMode.ProgressionTests" runstate="Runnable" seed="177197751" result="Passed" start-time="2026-09-19 09:05:26Z" end-time="2026-09-19 09:05:26Z" duration="0.000974" asserts="0">
                <properties>
                  <property name="retryIteration" value="0" />
                  <property name="repeatIteration" value="0" />
                </properties>
              </test-case>
              <test-case id="1053" name="Validator_Repairs_ActiveCompletedOverlap" fullname="Escape.Tests.EditMode.ProgressionTests.Validator_Repairs_ActiveCompletedOverlap" methodname="Validator_Repairs_ActiveCompletedOverlap" classname="Escape.Tests.EditMode.ProgressionTests" runstate="Runnable" seed="1019116397" result="Passed" start-time="2026-09-19 09:05:26Z" end-time="2026-09-19 09:05:26Z" duration="0.001197" asserts="0">
                <properties>
                  <property name="retryIteration" value="0" />
                  <property name="repeatIteration" value="0" />
                </properties>
              </test-case>
              <test-case id="1054" name="Validator_Repairs_BroadcastFlag_Inconsistency" fullname="Escape.Tests.EditMode.ProgressionTests.Validator_Repairs_BroadcastFlag_Inconsistency" methodname="Validator_Repairs_BroadcastFlag_Inconsistency" classname="Escape.Tests.EditMode.ProgressionTests" runstate="Runnable" seed="1714087928" result="Passed" start-time="2026-09-19 09:05:26Z" end-time="2026-09-19 09:05:26Z" duration="0.000900" asserts="0">
                <properties>
                  <property name="retryIteration" value="0" />
                  <property name="repeatIteration" value="0" />
                </properties>
              </test-case>
              <test-case id="1066" name="Validator_Repairs_PoseWithoutTheFlag" fullname="Escape.Tests.EditMode.ProgressionTests.Validator_Repairs_PoseWithoutTheFlag" methodname="Validator_Repairs_PoseWithoutTheFlag" classname="Escape.Tests.EditMode.ProgressionTests" runstate="Runnable" seed="276658924" result="Passed" start-time="2026-09-19 09:05:26Z" end-time="2026-09-19 09:05:26Z" duration="0.000682" asserts="0">
                <properties>
                  <property name="retryIteration" value="0" />
                  <property name="repeatIteration" value="0" />
                </properties>
              </test-case>
              <test-case id="1067" name="Validator_Repairs_RoutingObjective_MissingBehindBroadcastFlag" fullname="Escape.Tests.EditMode.ProgressionTests.Validator_Repairs_RoutingObjective_MissingBehindBroadcastFlag" methodname="Validator_Repairs_RoutingObjective_MissingBehindBroadcastFlag" classname="Escape.Tests.EditMode.ProgressionTests" runstate="Runnable" seed="1163564512" result="Passed" start-time="2026-09-19 09:05:26Z" end-time="2026-09-19 09:05:26Z" duration="0.000549" asserts="0">
                <properties>
                  <property name="retryIteration" value="0" />
                  <property name="repeatIteration" value="0" />
                </properties>
              </test-case>
              <test-case id="1068" name="Validator_Repairs_TransmissionObjective_MissingBehindCompletedFlag" fullname="Escape.Tests.EditMode.ProgressionTests.Validator_Repairs_TransmissionObjective_MissingBehindCompletedFlag" methodname="Validator_Repairs_TransmissionObjective_MissingBehindCompletedFlag" classname="Escape.Tests.EditMode.ProgressionTests" runstate="Runnable" seed="1393119387" result="Passed" start-time="2026-09-19 09:05:26Z" end-time="2026-09-19 09:05:26Z" duration="0.000596" asserts="0">
                <properties>
                  <property name="retryIteration" value="0" />
                  <property name="repeatIteration" value="0" />
                </properties>
              </test-case>
            </test-suite>
            <test-suite type="TestFixture" id="1075" name="SaveTests" fullname="Escape.Tests.EditMode.SaveTests" classname="Escape.Tests.EditMode.SaveTests" runstate="Runnable" testcasecount="15" result="Passed" start-time="2026-09-19 09:05:26Z" end-time="2026-09-19 09:05:26Z" duration="0.057465" total="15" passed="15" failed="0" inconclusive="0" skipped="0" asserts="0">
              <properties />
              <test-case id="1081" name="Migrator_V1_To_V2_SplitsPose" fullname="Escape.Tests.EditMode.SaveTests.Migrator_V1_To_V2_SplitsPose" methodname="Migrator_V1_To_V2_SplitsPose" classname="Escape.Tests.EditMode.SaveTests" runstate="Runnable" seed="1761873594" result="Passed" start-time="2026-09-19 09:05:26Z" end-time="2026-09-19 09:05:26Z" duration="0.001513" asserts="0">
                <properties>
                  <property name="retryIteration" value="0" />
                  <property name="repeatIteration" value="0" />
                </properties>
              </test-case>
              <test-case id="1087" name="Save_Canonicalizes_Duplicates_And_Empties" fullname="Escape.Tests.EditMode.SaveTests.Save_Canonicalizes_Duplicates_And_Empties" methodname="Save_Canonicalizes_Duplicates_And_Empties" classname="Escape.Tests.EditMode.SaveTests" runstate="Runnable" seed="1457318736" result="Passed" start-time="2026-09-19 09:05:26Z" end-time="2026-09-19 09:05:26Z" duration="0.001919" asserts="0">
                <properties>
                  <property name="retryIteration" value="0" />
                  <property name="repeatIteration" value="0" />
                </properties>
              </test-case>
              <test-case id="1084" name="Save_CorruptPrimary_AndCorruptBackup_Fails" fullname="Escape.Tests.EditMode.SaveTests.Save_CorruptPrimary_AndCorruptBackup_Fails" methodname="Save_CorruptPrimary_AndCorruptBackup_Fails" classname="Escape.Tests.EditMode.SaveTests" runstate="Runnable" seed="1841877440" result="Passed" start-time="2026-09-19 09:05:26Z" end-time="2026-09-19 09:05:26Z" duration="0.003056" asserts="0">
                <properties>
                  <property name="retryIteration" value="0" />
                  <property name="repeatIteration" value="0" />
                </properties>
              </test-case>
              <test-case id="1083" name="Save_CorruptPrimary_FallsBack_ToBackup" fullname="Escape.Tests.EditMode.SaveTests.Save_CorruptPrimary_FallsBack_ToBackup" methodname="Save_CorruptPrimary_FallsBack_ToBackup" classname="Escape.Tests.EditMode.SaveTests" runstate="Runnable" seed="1129848460" result="Passed" start-time="2026-09-19 09:05:26Z" end-time="2026-09-19 09:05:26Z" duration="0.010962" asserts="0">
                <properties>
                  <property name="retryIteration" value="0" />
                  <property name="repeatIteration" value="0" />
                </properties>
              </test-case>
              <test-case id="1079" name="Save_Drops_UnknownEvidenceIds" fullname="Escape.Tests.EditMode.SaveTests.Save_Drops_UnknownEvidenceIds" methodname="Save_Drops_UnknownEvidenceIds" classname="Escape.Tests.EditMode.SaveTests" runstate="Runnable" seed="1961315226" result="Passed" start-time="2026-09-19 09:05:26Z" end-time="2026-09-19 09:05:26Z" duration="0.002443" asserts="0">
                <properties>
                  <property name="retryIteration" value="0" />
                  <property name="repeatIteration" value="0" />
                </properties>
                <output><![CDATA[[SaveService] Repaired save 'slot1.json': Dropped evidence id 'bogus_evidence' (unknown).
]]></output>
              </test-case>
              <test-case id="1086" name="Save_Legacy_V1_File_Loads" fullname="Escape.Tests.EditMode.SaveTests.Save_Legacy_V1_File_Loads" methodname="Save_Legacy_V1_File_Loads" classname="Escape.Tests.EditMode.SaveTests" runstate="Runnable" seed="1471023373" result="Passed" start-time="2026-09-19 09:05:26Z" end-time="2026-09-19 09:05:26Z" duration="0.004121" asserts="0">
                <properties>
                  <property name="retryIteration" value="0" />
                  <property name="repeatIteration" value="0" />
                </properties>
              </test-case>
              <test-case id="1089" name="Save_Refuses_AnInvalidSlot_WithoutTouchingDisk" fullname="Escape.Tests.EditMode.SaveTests.Save_Refuses_AnInvalidSlot_WithoutTouchingDisk" methodname="Save_Refuses_AnInvalidSlot_WithoutTouchingDisk" classname="Escape.Tests.EditMode.SaveTests" runstate="Runnable" seed="2137590135" result="Passed" start-time="2026-09-19 09:05:26Z" end-time="2026-09-19 09:05:26Z" duration="0.006848" asserts="0">
                <properties>
                  <property name="retryIteration" value="0" />
                  <property name="repeatIteration" value="0" />
                </properties>
                <output><![CDATA[[SaveService] Refusing to write invalid slot id '../escape' — a slot is [A-Za-z0-9_-]+ and is never interpreted as a path.
[SaveService] Refusing to query invalid slot id '../escape' — a slot is [A-Za-z0-9_-]+ and is never interpreted as a path.
[SaveService] Refusing to delete invalid slot id '../escape' — a slot is [A-Za-z0-9_-]+ and is never interpreted as a path.
[SaveService] Refusing to load invalid slot id '../escape' — a slot is [A-Za-z0-9_-]+ and is never interpreted as a path.
]]></output>
              </test-case>
              <test-case id="1085" name="Save_Rejects_FutureSchema" fullname="Escape.Tests.EditMode.SaveTests.Save_Rejects_FutureSchema" methodname="Save_Rejects_FutureSchema" classname="Escape.Tests.EditMode.SaveTests" runstate="Runnable" seed="1712957072" result="Passed" start-time="2026-09-19 09:05:26Z" end-time="2026-09-19 09:05:26Z" duration="0.009185" asserts="0">
                <properties>
                  <property name="retryIteration" value="0" />
                  <property name="repeatIteration" value="0" />
                </properties>
              </test-case>
              <test-case id="1080" name="Save_Rejects_NonFinitePosition" fullname="Escape.Tests.EditMode.SaveTests.Save_Rejects_NonFinitePosition" methodname="Save_Rejects_NonFinitePosition" classname="Escape.Tests.EditMode.SaveTests" runstate="Runnable" seed="581771813" result="Passed" start-time="2026-09-19 09:05:26Z" end-time="2026-09-19 09:05:26Z" duration="0.000997" asserts="0">
                <properties>
                  <property name="retryIteration" value="0" />
                  <property name="repeatIteration" value="0" />
                </properties>
              </test-case>
              <test-case id="1088" name="Save_Rejects_SlotIdsThatArePaths" fullname="Escape.Tests.EditMode.SaveTests.Save_Rejects_SlotIdsThatArePaths" methodname="Save_Rejects_SlotIdsThatArePaths" classname="Escape.Tests.EditMode.SaveTests" runstate="Runnable" seed="1134821089" result="Passed" start-time="2026-09-19 09:05:26Z" end-time="2026-09-19 09:05:26Z" duration="0.000269" asserts="0">
                <properties>
                  <property name="retryIteration" value="0" />
                  <property name="repeatIteration" value="0" />
                </properties>
              </test-case>
              <test-case id="1078" name="Save_Rejects_UnknownScene" fullname="Escape.Tests.EditMode.SaveTests.Save_Rejects_UnknownScene" methodname="Save_Rejects_UnknownScene" classname="Escape.Tests.EditMode.SaveTests" runstate="Runnable" seed="2031305213" result="Passed" start-time="2026-09-19 09:05:26Z" end-time="2026-09-19 09:05:26Z" duration="0.001148" asserts="0">
                <properties>
                  <property name="retryIteration" value="0" />
                  <property name="repeatIteration" value="0" />
                </properties>
              </test-case>
              <test-case id="1082" name="Save_RoundTrips_Yaw_Pitch_Flashlight" fullname="Escape.Tests.EditMode.SaveTests.Save_RoundTrips_Yaw_Pitch_Flashlight" methodname="Save_RoundTrips_Yaw_Pitch_Flashlight" classname="Escape.Tests.EditMode.SaveTests" runstate="Runnable" seed="1337025956" result="Passed" start-time="2026-09-19 09:05:26Z" end-time="2026-09-19 09:05:26Z" duration="0.002844" asserts="0">
                <properties>
                  <property name="retryIteration" value="0" />
                  <property name="repeatIteration" value="0" />
                </properties>
                <output><![CDATA[[SaveService] Repaired save 'slot1.json': Pose recorded without HasPose — repaired.
]]></output>
              </test-case>
              <test-case id="1090" name="SaveCoordinator_Captures_Participant_State" fullname="Escape.Tests.EditMode.SaveTests.SaveCoordinator_Captures_Participant_State" methodname="SaveCoordinator_Captures_Participant_State" classname="Escape.Tests.EditMode.SaveTests" runstate="Runnable" seed="1533641218" result="Passed" start-time="2026-09-19 09:05:26Z" end-time="2026-09-19 09:05:26Z" duration="0.001579" asserts="0">
                <properties>
                  <property name="retryIteration" value="0" />
                  <property name="repeatIteration" value="0" />
                </properties>
              </test-case>
              <test-case id="1076" name="SaveLoad_RoundTrips" fullname="Escape.Tests.EditMode.SaveTests.SaveLoad_RoundTrips" methodname="SaveLoad_RoundTrips" classname="Escape.Tests.EditMode.SaveTests" runstate="Runnable" seed="1488308443" result="Passed" start-time="2026-09-19 09:05:26Z" end-time="2026-09-19 09:05:26Z" duration="0.002490" asserts="0">
                <properties>
                  <property name="retryIteration" value="0" />
                  <property name="repeatIteration" value="0" />
                </properties>
                <output><![CDATA[[SaveService] Repaired save 'slot1.json': Pose recorded without HasPose — repaired.
]]></output>
              </test-case>
              <test-case id="1077" name="SaveLoad_RoundTrips_LureState" fullname="Escape.Tests.EditMode.SaveTests.SaveLoad_RoundTrips_LureState" methodname="SaveLoad_RoundTrips_LureState" classname="Escape.Tests.EditMode.SaveTests" runstate="Runnable" seed="884450851" result="Passed" start-time="2026-09-19 09:05:26Z" end-time="2026-09-19 09:05:26Z" duration="0.001538" asserts="0">
                <properties>
                  <property name="retryIteration" value="0" />
                  <property name="repeatIteration" value="0" />
                </properties>
                <output><![CDATA[Saving results to: /Users/dawsonblock/Library/Application Support/Escape the Elites/Escape the Elites/TestResults.xml
]]></output>
              </test-case>
            </test-suite>
          </test-suite>
        </test-suite>
      </test-suite>
    </test-suite>
  </test-suite>
</test-run>